Bd: Odwoanie do rejestru musi si odbywa poprzez liczb od 0 do 13 0 lini! 
Bd: (null) 
Bd: Odwoanie do rejestru musi si odbywa poprzez liczb od 0 do 13 0 lini! 
Bd: Odwoanie do rejestru musi si odbywa poprzez liczb od 0 do 13 0 lini! 
Bd: Odwoanie do rejestru musi si odbywa poprzez liczb od 0 do 13 0 lini! 
Bd: Odwoanie do rejestru musi si odbywa poprzez liczb od 0 do 13 0 lini! 
Bd: Odwoanie do rejestru musi si odbywa poprzez liczb od 0 do 13 0 lini! 
Bd: (null) 
Bd: (null) 
Bd: (null) 
Bd: Odwoanie do rejestru musi si odbywa poprzez liczb od 0 do 13 0 lini! 
Bd: Odwoanie do rejestru musi si odbywa poprzez liczb od 0 do 13 0 lini! 
Bd: Odwoanie do rejestru musi si odbywa poprzez liczb od 0 do 13 0 lini! 
Bd: Odwoanie do rejestru musi si odbywa poprzez liczb od 0 do 13 0 lini! 
Bd: Odwoanie do rejestru musi si odbywa poprzez liczb od 0 do 13 0 lini! 
Bd: Odwoanie do rejestru musi si odbywa poprzez liczb od 0 do 13 0 lini! 
Bd: Odwoanie do rejestru musi si odbywa poprzez liczb od 0 do 13 0 lini! 
Bd: Odwoanie do rejestru musi si odbywa poprzez liczb od 0 do 13 0 lini! 
Bd: Odwoanie do rejestru musi si odbywa poprzez liczb od 0 do 13 0 lini! 
Bd: Odwoanie do rejestru musi si odbywa poprzez liczb od 0 do 13 0 lini! 
Bd: Odwoanie do rejestru musi si odbywa poprzez liczb od 0 do 13 0 lini! 
Bd: Odwoanie do rejestru musi si odbywa poprzez liczb od 0 do 13 0 lini! 
Bd: Odwoanie do rejestru musi si odbywa poprzez liczb od 0 do 13 0 lini! 
Bd: Odwoanie do rejestru musi si odbywa poprzez liczb od 0 do 13 0 lini! 
Bd: Odwoanie do rejestru musi si odbywa poprzez liczb od 0 do 13 0 lini! 
Bd: Odwoanie do rejestru musi si odbywa poprzez liczb od 0 do 13 0 lini! 
Bd: Odwoanie do rejestru musi si odbywa poprzez liczb od 0 do 13 0 lini! 
Bd: Odwoanie do rejestru musi si odbywa poprzez liczb od 0 do 13 0 lini! 
Bd: Odwoanie do rejestru musi si odbywa poprzez liczb od 0 do 13 0 lini! 
Bd: Odwoanie do rejestru musi si odbywa poprzez liczb od 0 do 13 0 lini! 
Bd: Odwoanie do rejestru musi si odbywa poprzez liczb od 0 do 13 0 lini! 
Bd: Odwoanie do rejestru musi si odbywa poprzez liczb od 0 do 13 0 lini! 
Bd: Odwoanie do rejestru musi si odbywa poprzez liczb od 0 do 13 0 lini! 
Bd: Odwoanie do rejestru musi si odbywa poprzez liczb od 0 do 13 0 lini! 
Bd: Odwoanie do rejestru musi si odbywa poprzez liczb od 0 do 13 0 lini! 
Bd: Odwoanie do rejestru musi si odbywa poprzez liczb od 0 do 13 0 lini! 
Bd: Odwoanie do rejestru musi si odbywa poprzez liczb od 0 do 13 0 lini! 
Bd: Odwoanie do rejestru musi si odbywa poprzez liczb od 0 do 13 0 lini! 
Bd: Odwoanie do rejestru musi si odbywa poprzez liczb od 0 do 13 0 lini! 
Bd: Odwoanie do rejestru musi si odbywa poprzez liczb od 0 do 13 0 lini! 
Bd: Odwoanie do rejestru musi si odbywa poprzez liczb od 0 do 13 0 lini! 
Bd: Bd skadni w 5 lini! 
Bd: Bd skadni w 5 lini! 
Bd: Bd skadni w 5 lini! 
Bd: Bd skadni w 5 lini! 
Bd: Bd skadni w 5 lini! 
Bd: Bd skadni w 5 lini! 
Bd: Nieodnaleziono kom贸rki pamici o podanym adresie w 2 lini! 
Bd: Nieodnaleziono kom贸rki pamici o podanym adresie w 2 lini! 
Bd: Nieodnaleziono kom贸rki pamici o podanym adresie w 2 lini! 
Bd: Nieodnaleziono kom贸rki pamici o podanej etykiecie w 2 lini! 
Bd: Nieodnaleziono kom贸rki pamici o podanej etykiecie w 2 lini! 
Bd: Nieodnaleziono kom贸rki pamici o podanej etykiecie w 2 lini! 
Bd: Nieodnaleziono kom贸rki pamici o podanej etykiecie w 2 lini! 
Bd: Nieodnaleziono wskazanej etykiety w 5 lini! 
Bd: Nie podano pliku 
Bd: Bd skadni w 0 lini! 
Bd: Bd skadni w 0 lini! 
Bd: Bd skadni w 0 lini! 
Bd: Nieodnaleziono kom贸rki pamici o podanej etykiecie w -1 lini! 
Bd: Nieodnaleziono kom贸rki pamici o podanej etykiecie w -1 lini! 
Bd: Nieodnaleziono podanego adresu! 
Bd: Nieodnaleziono kom贸rki pamici o podanej etykiecie w 0 lini! 
Bd: Nieodnaleziono kom贸rki pamici o podanej etykiecie w 0 lini! 
